<?xml version="1.0" encoding="UTF-8"?>
<!-- Generated by org.testng.reporters.JUnitReportReporter -->
<testsuite hostname="STS-2240" failures="0" tests="1" name="pom.test.OrdersTest" time="2.634" errors="0" timestamp="2025-10-06T18:33:15 IST" skipped="0">
  <testcase classname="pom.test.OrdersTest" name="orderOneItem" time="2.634"/>
</testsuite> <!-- pom.test.OrdersTest -->
