<?xml version="1.0" encoding="UTF-8"?>
<!-- Generated by org.testng.reporters.JUnitReportReporter -->
<testsuite hostname="STS-2240" failures="0" tests="1" name="pom.test.LoginTest" time="0.900" errors="0" timestamp="2025-10-06T18:33:15 IST" skipped="0">
  <testcase classname="pom.test.LoginTest" name="validLoginTest" time="0.900"/>
</testsuite> <!-- pom.test.LoginTest -->
