<?xml version="1.0" encoding="UTF-8"?>
<!-- Generated by org.testng.reporters.JUnitReportReporter -->
<testsuite hostname="STS-2240" failures="0" tests="2" name="pom.test.LoginTest" time="1.287" errors="0" timestamp="2025-10-06T18:40:10 IST" skipped="0">
  <testcase classname="pom.test.LoginTest" name="validLoginTest" time="0.781"/>
  <testcase classname="pom.test.LoginTest" name="invalidLoginTest" time="0.506"/>
</testsuite> <!-- pom.test.LoginTest -->
